Watching for file changes with StatReloader
Successfully deleted barcode image for book: test (ID: 7)
Successfully deleted QR code image for book: test (ID: 7)
Successfully deleted book: test (ID: None)
Successfully deleted barcode image for book: 임시 (ID: 8)
Successfully deleted QR code image for book: 임시 (ID: 8)
Successfully deleted book: 임시 (ID: None)
C:\Users\JANGDONGMIN\django_project\mclass_manager\books\models.py changed, reloading.
Watching for file changes with StatReloader
Internal Server Error: /books/export/
Traceback (most recent call last):
  File "C:\Users\JANGDONGMIN\AppData\Local\Programs\Python\Python312\Lib\site-packages\django\core\handlers\exception.py", line 55, in inner
    response = get_response(request)
               ^^^^^^^^^^^^^^^^^^^^^
  File "C:\Users\JANGDONGMIN\AppData\Local\Programs\Python\Python312\Lib\site-packages\django\core\handlers\base.py", line 197, in _get_response
    response = wrapped_callback(request, *callback_args, **callback_kwargs)
               ^^^^^^^^^^^^^^^^^^^^^^^^^^^^^^^^^^^^^^^^^^^^^^^^^^^^^^^^^^^^
  File "C:\Users\JANGDONGMIN\AppData\Local\Programs\Python\Python312\Lib\site-packages\django\views\generic\base.py", line 104, in view
    return self.dispatch(request, *args, **kwargs)
           ^^^^^^^^^^^^^^^^^^^^^^^^^^^^^^^^^^^^^^^
  File "C:\Users\JANGDONGMIN\AppData\Local\Programs\Python\Python312\Lib\site-packages\django\contrib\auth\mixins.py", line 73, in dispatch
    return super().dispatch(request, *args, **kwargs)
           ^^^^^^^^^^^^^^^^^^^^^^^^^^^^^^^^^^^^^^^^^^
  File "C:\Users\JANGDONGMIN\AppData\Local\Programs\Python\Python312\Lib\site-packages\django\views\generic\base.py", line 143, in dispatch
    return handler(request, *args, **kwargs)
           ^^^^^^^^^^^^^^^^^^^^^^^^^^^^^^^^^
  File "C:\Users\JANGDONGMIN\django_project\mclass_manager\books\views.py", line 130, in get
    df.columns = [
    ^^^^^^^^^^
  File "C:\Users\JANGDONGMIN\AppData\Local\Programs\Python\Python312\Lib\site-packages\pandas\core\generic.py", line 6313, in __setattr__
    return object.__setattr__(self, name, value)
           ^^^^^^^^^^^^^^^^^^^^^^^^^^^^^^^^^^^^^
  File "properties.pyx", line 69, in pandas._libs.properties.AxisProperty.__set__
  File "C:\Users\JANGDONGMIN\AppData\Local\Programs\Python\Python312\Lib\site-packages\pandas\core\generic.py", line 814, in _set_axis
    self._mgr.set_axis(axis, labels)
  File "C:\Users\JANGDONGMIN\AppData\Local\Programs\Python\Python312\Lib\site-packages\pandas\core\internals\managers.py", line 238, in set_axis
    self._validate_set_axis(axis, new_labels)
  File "C:\Users\JANGDONGMIN\AppData\Local\Programs\Python\Python312\Lib\site-packages\pandas\core\internals\base.py", line 98, in _validate_set_axis
    raise ValueError(
ValueError: Length mismatch: Expected axis has 0 elements, new values have 11 elements
C:\Users\JANGDONGMIN\django_project\mclass_manager\books\views.py changed, reloading.
Watching for file changes with StatReloader
Export attempted with no book data available
C:\Users\JANGDONGMIN\django_project\mclass_manager\books\views.py changed, reloading.
Watching for file changes with StatReloader
Export attempted with no book data available
C:\Users\JANGDONGMIN\django_project\mclass_manager\books\views.py changed, reloading.
Watching for file changes with StatReloader
Watching for file changes with StatReloader
Successfully deleted barcode image for book: 이투스 고쟁이 유형심화 중등 2-2 수학 (ID: 11)
Successfully deleted QR code image for book: 이투스 고쟁이 유형심화 중등 2-2 수학 (ID: 11)
Successfully deleted book: 이투스 고쟁이 유형심화 중등 2-2 수학 (ID: None)
Successfully deleted barcode image for book: 이투스 신 수학의 바이블 중등 유형 2-2 (ID: 10)
Successfully deleted QR code image for book: 이투스 신 수학의 바이블 중등 유형 2-2 (ID: 10)
Successfully deleted book: 이투스 신 수학의 바이블 중등 유형 2-2 (ID: None)
Successfully deleted barcode image for book: 15개정 최고득점수학 3-1 (ID: 9)
Successfully deleted QR code image for book: 15개정 최고득점수학 3-1 (ID: 9)
Successfully deleted book: 15개정 최고득점수학 3-1 (ID: None)
Successfully deleted barcode image for book: 이투스 고쟁이 유형심화 중등 2-2 수학 (ID: 14)
Successfully deleted QR code image for book: 이투스 고쟁이 유형심화 중등 2-2 수학 (ID: 14)
Successfully deleted book: 이투스 고쟁이 유형심화 중등 2-2 수학 (ID: None)
Successfully deleted barcode image for book: 이투스 신 수학의 바이블 중등 유형 2-2 (ID: 13)
Successfully deleted QR code image for book: 이투스 신 수학의 바이블 중등 유형 2-2 (ID: 13)
Successfully deleted book: 이투스 신 수학의 바이블 중등 유형 2-2 (ID: None)
Successfully deleted barcode image for book: 15개정 최고득점수학 3-1 (ID: 12)
Successfully deleted QR code image for book: 15개정 최고득점수학 3-1 (ID: 12)
Successfully deleted book: 15개정 최고득점수학 3-1 (ID: None)
C:\Users\JANGDONGMIN\django_project\mclass_manager\books\views.py changed, reloading.
Watching for file changes with StatReloader
Successfully deleted barcode image for book: 이투스 고쟁이 유형심화 중등 2-2 수학 (ID: 17)
Successfully deleted QR code image for book: 이투스 고쟁이 유형심화 중등 2-2 수학 (ID: 17)
Successfully deleted book: 이투스 고쟁이 유형심화 중등 2-2 수학 (ID: None)
Successfully deleted barcode image for book: 이투스 고쟁이 유형심화 중등 2-2 수학 (ID: 24)
Successfully deleted QR code image for book: 이투스 고쟁이 유형심화 중등 2-2 수학 (ID: 24)
Successfully deleted book: 이투스 고쟁이 유형심화 중등 2-2 수학 (ID: None)
Successfully deleted barcode image for book: 이투스 신 수학의 바이블 중등 유형 2-2 (ID: 23)
Successfully deleted QR code image for book: 이투스 신 수학의 바이블 중등 유형 2-2 (ID: 23)
Successfully deleted book: 이투스 신 수학의 바이블 중등 유형 2-2 (ID: None)
Successfully deleted barcode image for book: 15개정 최고득점수학 3-1 (ID: 22)
Successfully deleted QR code image for book: 15개정 최고득점수학 3-1 (ID: 22)
Successfully deleted book: 15개정 최고득점수학 3-1 (ID: None)
Watching for file changes with StatReloader
C:\Users\JANGDONGMIN\django_project\mclass_manager\books\admin.py changed, reloading.
Watching for file changes with StatReloader
C:\Users\JANGDONGMIN\django_project\mclass_manager\books\models.py changed, reloading.
Watching for file changes with StatReloader
Watching for file changes with StatReloader
C:\Users\JANGDONGMIN\django_project\mclass_manager\books\models.py changed, reloading.
Watching for file changes with StatReloader
Watching for file changes with StatReloader
C:\Users\JANGDONGMIN\django_project\mclass_manager\books\models.py changed, reloading.
Watching for file changes with StatReloader
C:\Users\JANGDONGMIN\django_project\mclass_manager\books\views.py changed, reloading.
Watching for file changes with StatReloader
C:\Users\JANGDONGMIN\django_project\mclass_manager\books\views.py changed, reloading.
Watching for file changes with StatReloader
C:\Users\JANGDONGMIN\django_project\mclass_manager\books\views.py changed, reloading.
Watching for file changes with StatReloader
C:\Users\JANGDONGMIN\django_project\mclass_manager\books\views.py changed, reloading.
Watching for file changes with StatReloader
C:\Users\JANGDONGMIN\django_project\mclass_manager\books\views.py changed, reloading.
Watching for file changes with StatReloader
C:\Users\JANGDONGMIN\django_project\mclass_manager\books\views.py changed, reloading.
Watching for file changes with StatReloader
C:\Users\JANGDONGMIN\django_project\mclass_manager\books\views.py changed, reloading.
Watching for file changes with StatReloader
C:\Users\JANGDONGMIN\django_project\mclass_manager\books\forms.py changed, reloading.
Watching for file changes with StatReloader
Watching for file changes with StatReloader
Export attempted with no book data available
Successfully exported 1 books to Excel
Successfully deleted barcode image for book: 임시 (ID: 1)
Successfully deleted QR code image for book: 임시 (ID: 1)
Successfully deleted book: 임시 (ID: None)
Successfully deleted barcode image for book: 15개정 최고득점수학 3-1 (ID: 2)
Successfully deleted QR code image for book: 15개정 최고득점수학 3-1 (ID: 2)
Successfully deleted book: 15개정 최고득점수학 3-1 (ID: None)
Successfully deleted barcode image for book: 이투스 고쟁이 유형심화 중등 2-2 수학 (ID: 4)
Successfully deleted QR code image for book: 이투스 고쟁이 유형심화 중등 2-2 수학 (ID: 4)
Successfully deleted book: 이투스 고쟁이 유형심화 중등 2-2 수학 (ID: None)
Successfully deleted barcode image for book: 이투스 신 수학의 바이블 중등 유형 2-2 (ID: 3)
Successfully deleted QR code image for book: 이투스 신 수학의 바이블 중등 유형 2-2 (ID: 3)
Successfully deleted book: 이투스 신 수학의 바이블 중등 유형 2-2 (ID: None)
Successfully deleted barcode image for book: 15개정 최고득점수학 3-1 (ID: 5)
Successfully deleted QR code image for book: 15개정 최고득점수학 3-1 (ID: 5)
Successfully deleted book: 15개정 최고득점수학 3-1 (ID: None)
Successfully deleted barcode image for book: 이투스 고쟁이 유형심화 중등 2-2 수학 (ID: 7)
Successfully deleted QR code image for book: 이투스 고쟁이 유형심화 중등 2-2 수학 (ID: 7)
Successfully deleted book: 이투스 고쟁이 유형심화 중등 2-2 수학 (ID: None)
Successfully deleted barcode image for book: 이투스 신 수학의 바이블 중등 유형 2-2 (ID: 6)
Successfully deleted QR code image for book: 이투스 신 수학의 바이블 중등 유형 2-2 (ID: 6)
Successfully deleted book: 이투스 신 수학의 바이블 중등 유형 2-2 (ID: None)
Export attempted with no book data available
C:\Users\JANGDONGMIN\django_project\mclass_manager\books\admin.py changed, reloading.
Watching for file changes with StatReloader
C:\Users\JANGDONGMIN\django_project\mclass_manager\books\admin.py changed, reloading.
Watching for file changes with StatReloader
C:\Users\JANGDONGMIN\django_project\mclass_manager\books\forms.py changed, reloading.
Watching for file changes with StatReloader
C:\Users\JANGDONGMIN\django_project\mclass_manager\books\views.py changed, reloading.
Watching for file changes with StatReloader
